11:15:11.199 [main] ERROR o.s.boot.SpringApplication - Application run failed
java.lang.IllegalStateException: Failed to load property source from location 'classpath:/application.yml'
	at org.springframework.boot.context.config.ConfigFileApplicationListener$Loader.load(ConfigFileApplicationListener.java:525)
	at org.springframework.boot.context.config.ConfigFileApplicationListener$Loader.loadForFileExtension(ConfigFileApplicationListener.java:474)
	at org.springframework.boot.context.config.ConfigFileApplicationListener$Loader.load(ConfigFileApplicationListener.java:444)
	at org.springframework.boot.context.config.ConfigFileApplicationListener$Loader.lambda$null$6(ConfigFileApplicationListener.java:426)
	at java.lang.Iterable.forEach(Iterable.java:75)
	at org.springframework.boot.context.config.ConfigFileApplicationListener$Loader.lambda$load$7(ConfigFileApplicationListener.java:426)
	at java.lang.Iterable.forEach(Iterable.java:75)
	at org.springframework.boot.context.config.ConfigFileApplicationListener$Loader.load(ConfigFileApplicationListener.java:423)
	at org.springframework.boot.context.config.ConfigFileApplicationListener$Loader.load(ConfigFileApplicationListener.java:322)
	at org.springframework.boot.context.config.ConfigFileApplicationListener.addPropertySources(ConfigFileApplicationListener.java:203)
	at org.springframework.boot.context.config.ConfigFileApplicationListener.postProcessEnvironment(ConfigFileApplicationListener.java:187)
	at org.springframework.boot.context.config.ConfigFileApplicationListener.onApplicationEnvironmentPreparedEvent(ConfigFileApplicationListener.java:177)
	at org.springframework.boot.context.config.ConfigFileApplicationListener.onApplicationEvent(ConfigFileApplicationListener.java:165)
	at org.springframework.context.event.SimpleApplicationEventMulticaster.doInvokeListener(SimpleApplicationEventMulticaster.java:172)
	at org.springframework.context.event.SimpleApplicationEventMulticaster.invokeListener(SimpleApplicationEventMulticaster.java:165)
	at org.springframework.context.event.SimpleApplicationEventMulticaster.multicastEvent(SimpleApplicationEventMulticaster.java:139)
	at org.springframework.context.event.SimpleApplicationEventMulticaster.multicastEvent(SimpleApplicationEventMulticaster.java:127)
	at org.springframework.boot.context.event.EventPublishingRunListener.environmentPrepared(EventPublishingRunListener.java:76)
	at org.springframework.boot.SpringApplicationRunListeners.environmentPrepared(SpringApplicationRunListeners.java:53)
	at org.springframework.boot.SpringApplication.prepareEnvironment(SpringApplication.java:342)
	at org.springframework.boot.SpringApplication.run(SpringApplication.java:305)
	at org.springframework.boot.SpringApplication.run(SpringApplication.java:1215)
	at org.springframework.boot.SpringApplication.run(SpringApplication.java:1204)
	at com.example.demo.DemoApplication.main(DemoApplication.java:10)
Caused by: org.yaml.snakeyaml.scanner.ScannerException: while scanning a simple key
 in 'reader', line 24, column 1:
    logging.config= classpath:logbac ... 
    ^
could not find expected ':'
 in 'reader', line 27, column 1:
    
    ^

	at org.yaml.snakeyaml.scanner.ScannerImpl.stalePossibleSimpleKeys(ScannerImpl.java:464)
	at org.yaml.snakeyaml.scanner.ScannerImpl.needMoreTokens(ScannerImpl.java:278)
	at org.yaml.snakeyaml.scanner.ScannerImpl.checkToken(ScannerImpl.java:226)
	at org.yaml.snakeyaml.parser.ParserImpl$ParseBlockMappingKey.produce(ParserImpl.java:558)
	at org.yaml.snakeyaml.parser.ParserImpl.peekEvent(ParserImpl.java:158)
	at org.yaml.snakeyaml.parser.ParserImpl.checkEvent(ParserImpl.java:148)
	at org.yaml.snakeyaml.composer.Composer.composeMappingNode(Composer.java:214)
	at org.yaml.snakeyaml.composer.Composer.composeNode(Composer.java:144)
	at org.yaml.snakeyaml.composer.Composer.composeValueNode(Composer.java:236)
	at org.yaml.snakeyaml.composer.Composer.composeMappingChildren(Composer.java:227)
	at org.yaml.snakeyaml.composer.Composer.composeMappingNode(Composer.java:215)
	at org.yaml.snakeyaml.composer.Composer.composeNode(Composer.java:144)
	at org.yaml.snakeyaml.composer.Composer.getNode(Composer.java:85)
	at org.yaml.snakeyaml.constructor.BaseConstructor.getData(BaseConstructor.java:123)
	at org.yaml.snakeyaml.Yaml$1.next(Yaml.java:547)
	at org.springframework.beans.factory.config.YamlProcessor.process(YamlProcessor.java:160)
	at org.springframework.beans.factory.config.YamlProcessor.process(YamlProcessor.java:134)
	at org.springframework.boot.env.OriginTrackedYamlLoader.load(OriginTrackedYamlLoader.java:75)
	at org.springframework.boot.env.YamlPropertySourceLoader.load(YamlPropertySourceLoader.java:50)
	at org.springframework.boot.context.config.ConfigFileApplicationListener$Loader.loadDocuments(ConfigFileApplicationListener.java:543)
	at org.springframework.boot.context.config.ConfigFileApplicationListener$Loader.load(ConfigFileApplicationListener.java:498)
	... 23 common frames omitted
11:16:25.354 [main] DEBUG o.s.b.c.l.ClasspathLoggingApplicationListener - Application failed to start with classpath: [file:/D:/SoftWare/JAVA/jdk1.8.0_191/jre/lib/charsets.jar, file:/D:/SoftWare/JAVA/jdk1.8.0_191/jre/lib/deploy.jar, file:/D:/SoftWare/JAVA/jdk1.8.0_191/jre/lib/ext/access-bridge-64.jar, file:/D:/SoftWare/JAVA/jdk1.8.0_191/jre/lib/ext/cldrdata.jar, file:/D:/SoftWare/JAVA/jdk1.8.0_191/jre/lib/ext/dnsns.jar, file:/D:/SoftWare/JAVA/jdk1.8.0_191/jre/lib/ext/jaccess.jar, file:/D:/SoftWare/JAVA/jdk1.8.0_191/jre/lib/ext/jfxrt.jar, file:/D:/SoftWare/JAVA/jdk1.8.0_191/jre/lib/ext/localedata.jar, file:/D:/SoftWare/JAVA/jdk1.8.0_191/jre/lib/ext/nashorn.jar, file:/D:/SoftWare/JAVA/jdk1.8.0_191/jre/lib/ext/sunec.jar, file:/D:/SoftWare/JAVA/jdk1.8.0_191/jre/lib/ext/sunjce_provider.jar, file:/D:/SoftWare/JAVA/jdk1.8.0_191/jre/lib/ext/sunmscapi.jar, file:/D:/SoftWare/JAVA/jdk1.8.0_191/jre/lib/ext/sunpkcs11.jar, file:/D:/SoftWare/JAVA/jdk1.8.0_191/jre/lib/ext/zipfs.jar, file:/D:/SoftWare/JAVA/jdk1.8.0_191/jre/lib/javaws.jar, file:/D:/SoftWare/JAVA/jdk1.8.0_191/jre/lib/jce.jar, file:/D:/SoftWare/JAVA/jdk1.8.0_191/jre/lib/jfr.jar, file:/D:/SoftWare/JAVA/jdk1.8.0_191/jre/lib/jfxswt.jar, file:/D:/SoftWare/JAVA/jdk1.8.0_191/jre/lib/jsse.jar, file:/D:/SoftWare/JAVA/jdk1.8.0_191/jre/lib/management-agent.jar, file:/D:/SoftWare/JAVA/jdk1.8.0_191/jre/lib/plugin.jar, file:/D:/SoftWare/JAVA/jdk1.8.0_191/jre/lib/resources.jar, file:/D:/SoftWare/JAVA/jdk1.8.0_191/jre/lib/rt.jar, file:/E:/IDEA/workspace/SpringBootDemo/target/classes/, file:/D:/SoftWare/Maven/localrepo/org/springframework/boot/spring-boot-starter-web/2.1.8.RELEASE/spring-boot-starter-web-2.1.8.RELEASE.jar, file:/D:/SoftWare/Maven/localrepo/org/springframework/boot/spring-boot-starter/2.1.8.RELEASE/spring-boot-starter-2.1.8.RELEASE.jar, file:/D:/SoftWare/Maven/localrepo/org/springframework/boot/spring-boot/2.1.8.RELEASE/spring-boot-2.1.8.RELEASE.jar, file:/D:/SoftWare/Maven/localrepo/org/springframework/boot/spring-boot-autoconfigure/2.1.8.RELEASE/spring-boot-autoconfigure-2.1.8.RELEASE.jar, file:/D:/SoftWare/Maven/localrepo/javax/annotation/javax.annotation-api/1.3.2/javax.annotation-api-1.3.2.jar, file:/D:/SoftWare/Maven/localrepo/org/yaml/snakeyaml/1.23/snakeyaml-1.23.jar, file:/D:/SoftWare/Maven/localrepo/org/springframework/boot/spring-boot-starter-json/2.1.8.RELEASE/spring-boot-starter-json-2.1.8.RELEASE.jar, file:/D:/SoftWare/Maven/localrepo/com/fasterxml/jackson/core/jackson-databind/2.9.9.3/jackson-databind-2.9.9.3.jar, file:/D:/SoftWare/Maven/localrepo/com/fasterxml/jackson/core/jackson-annotations/2.9.0/jackson-annotations-2.9.0.jar, file:/D:/SoftWare/Maven/localrepo/com/fasterxml/jackson/core/jackson-core/2.9.9/jackson-core-2.9.9.jar, file:/D:/SoftWare/Maven/localrepo/com/fasterxml/jackson/datatype/jackson-datatype-jdk8/2.9.9/jackson-datatype-jdk8-2.9.9.jar, file:/D:/SoftWare/Maven/localrepo/com/fasterxml/jackson/datatype/jackson-datatype-jsr310/2.9.9/jackson-datatype-jsr310-2.9.9.jar, file:/D:/SoftWare/Maven/localrepo/com/fasterxml/jackson/module/jackson-module-parameter-names/2.9.9/jackson-module-parameter-names-2.9.9.jar, file:/D:/SoftWare/Maven/localrepo/org/springframework/boot/spring-boot-starter-tomcat/2.1.8.RELEASE/spring-boot-starter-tomcat-2.1.8.RELEASE.jar, file:/D:/SoftWare/Maven/localrepo/org/apache/tomcat/embed/tomcat-embed-core/9.0.24/tomcat-embed-core-9.0.24.jar, file:/D:/SoftWare/Maven/localrepo/org/apache/tomcat/embed/tomcat-embed-el/9.0.24/tomcat-embed-el-9.0.24.jar, file:/D:/SoftWare/Maven/localrepo/org/apache/tomcat/embed/tomcat-embed-websocket/9.0.24/tomcat-embed-websocket-9.0.24.jar, file:/D:/SoftWare/Maven/localrepo/org/hibernate/validator/hibernate-validator/6.0.17.Final/hibernate-validator-6.0.17.Final.jar, file:/D:/SoftWare/Maven/localrepo/javax/validation/validation-api/2.0.1.Final/validation-api-2.0.1.Final.jar, file:/D:/SoftWare/Maven/localrepo/org/jboss/logging/jboss-logging/3.3.3.Final/jboss-logging-3.3.3.Final.jar, file:/D:/SoftWare/Maven/localrepo/com/fasterxml/classmate/1.4.0/classmate-1.4.0.jar, file:/D:/SoftWare/Maven/localrepo/org/springframework/spring-web/5.1.9.RELEASE/spring-web-5.1.9.RELEASE.jar, file:/D:/SoftWare/Maven/localrepo/org/springframework/spring-beans/5.1.9.RELEASE/spring-beans-5.1.9.RELEASE.jar, file:/D:/SoftWare/Maven/localrepo/org/springframework/spring-webmvc/5.1.9.RELEASE/spring-webmvc-5.1.9.RELEASE.jar, file:/D:/SoftWare/Maven/localrepo/org/springframework/spring-aop/5.1.9.RELEASE/spring-aop-5.1.9.RELEASE.jar, file:/D:/SoftWare/Maven/localrepo/org/springframework/spring-context/5.1.9.RELEASE/spring-context-5.1.9.RELEASE.jar, file:/D:/SoftWare/Maven/localrepo/org/springframework/spring-expression/5.1.9.RELEASE/spring-expression-5.1.9.RELEASE.jar, file:/D:/SoftWare/Maven/localrepo/mysql/mysql-connector-java/8.0.17/mysql-connector-java-8.0.17.jar, file:/D:/SoftWare/Maven/localrepo/org/slf4j/slf4j-api/1.7.28/slf4j-api-1.7.28.jar, file:/D:/SoftWare/Maven/localrepo/org/springframework/spring-core/5.1.9.RELEASE/spring-core-5.1.9.RELEASE.jar, file:/D:/SoftWare/Maven/localrepo/org/springframework/spring-jcl/5.1.9.RELEASE/spring-jcl-5.1.9.RELEASE.jar, file:/D:/SoftWare/Maven/localrepo/org/springframework/boot/spring-boot-starter-logging/2.1.8.RELEASE/spring-boot-starter-logging-2.1.8.RELEASE.jar, file:/D:/SoftWare/Maven/localrepo/ch/qos/logback/logback-classic/1.2.3/logback-classic-1.2.3.jar, file:/D:/SoftWare/Maven/localrepo/ch/qos/logback/logback-core/1.2.3/logback-core-1.2.3.jar, file:/D:/SoftWare/Maven/localrepo/org/apache/logging/log4j/log4j-to-slf4j/2.11.2/log4j-to-slf4j-2.11.2.jar, file:/D:/SoftWare/Maven/localrepo/org/apache/logging/log4j/log4j-api/2.11.2/log4j-api-2.11.2.jar, file:/D:/SoftWare/Maven/localrepo/org/slf4j/jul-to-slf4j/1.7.28/jul-to-slf4j-1.7.28.jar, file:/D:/SoftWare/IDEA/setup/IntelliJ%20IDEA%202019.2.2/lib/idea_rt.jar]
11:16:25.448 [background-preinit] DEBUG o.h.v.m.ResourceBundleMessageInterpolator - Loaded expression factory via original TCCL
11:16:25.463 [background-preinit] DEBUG o.h.v.i.engine.ValidatorFactoryImpl - HV000234: Using org.hibernate.validator.messageinterpolation.ResourceBundleMessageInterpolator as ValidatorFactory-scoped message interpolator.
11:16:25.463 [background-preinit] DEBUG o.h.v.i.engine.ValidatorFactoryImpl - HV000234: Using org.hibernate.validator.internal.engine.resolver.TraverseAllTraversableResolver as ValidatorFactory-scoped traversable resolver.
11:16:25.463 [background-preinit] DEBUG o.h.v.i.engine.ValidatorFactoryImpl - HV000234: Using org.hibernate.validator.internal.util.ExecutableParameterNameProvider as ValidatorFactory-scoped parameter name provider.
11:16:25.463 [background-preinit] DEBUG o.h.v.i.engine.ValidatorFactoryImpl - HV000234: Using org.hibernate.validator.internal.engine.DefaultClockProvider as ValidatorFactory-scoped clock provider.
11:16:25.463 [background-preinit] DEBUG o.h.v.i.engine.ValidatorFactoryImpl - HV000234: Using org.hibernate.validator.internal.engine.scripting.DefaultScriptEvaluatorFactory as ValidatorFactory-scoped script evaluator factory.
